2020-12-27 14:34:22,797 INFO ServerApp [main] Сервер запущен!
2020-12-27 14:34:22,801 INFO ServerApp [main] Ожидание пользователя...
2020-12-27 14:34:35,364 INFO ServerApp [main] Клиент подключился!
2020-12-27 14:34:35,372 INFO ServerApp [main] Ожидание пользователя...
2020-12-27 14:34:44,384 INFO ServerApp [Thread-0] Борис Николаевич присоединился к чату
2020-12-27 14:34:52,457 INFO ServerApp [main] Клиент подключился!
2020-12-27 14:34:52,460 INFO ServerApp [main] Ожидание пользователя...
2020-12-27 14:35:02,698 INFO ServerApp [Thread-1] Мартин Некотов присоединился к чату
2020-12-27 14:35:13,425 INFO ServerApp [main] Клиент подключился!
2020-12-27 14:35:13,428 INFO ServerApp [main] Ожидание пользователя...
2020-12-27 14:35:22,106 INFO ServerApp [Thread-2] Гендальф Серый присоединился к чату
2020-12-27 14:35:49,272 INFO ServerApp [Thread-2] Гендальф Серый отправил общее сообщение: Everybody
2020-12-27 14:35:49,273 INFO ServerApp [Thread-2] Гендальф Серый отправил общее сообщение: Everybody
2020-12-27 14:36:21,407 INFO ServerApp [Thread-2] Гендальф Серый отправил сообщение Мартин Некотов: martiny
2020-12-27 14:36:46,270 INFO ServerApp [Thread-0] Борис Николаевич отправил общее сообщение: all
2020-12-27 14:36:46,271 INFO ServerApp [Thread-0] Борис Николаевич отправил общее сообщение: all
2020-12-27 14:41:34,333 INFO ServerApp [main] Сервер запущен!
2020-12-27 14:41:34,339 INFO ServerApp [main] Ожидание пользователя...
2020-12-27 14:41:48,111 INFO ServerApp [main] Клиент подключился!
2020-12-27 14:41:48,118 INFO ServerApp [main] Ожидание пользователя...
2020-12-27 14:41:58,340 INFO ServerApp [Thread-0] Борис Николаевич присоединился к чату
2020-12-27 14:42:06,084 INFO ServerApp [main] Клиент подключился!
2020-12-27 14:42:06,086 INFO ServerApp [main] Ожидание пользователя...
2020-12-27 14:42:15,942 INFO ServerApp [Thread-1] Мартин Некотов присоединился к чату
2020-12-27 14:42:23,981 INFO ServerApp [main] Клиент подключился!
2020-12-27 14:42:23,983 INFO ServerApp [main] Ожидание пользователя...
2020-12-27 14:42:31,904 INFO ServerApp [Thread-2] Гендальф Серый присоединился к чату
2020-12-27 14:42:42,876 INFO ServerApp [Thread-2] Гендальф Серый отправил общее сообщение: everyone
